<?xml version="1.0" encoding="UTF-8" ?>
<testsuite tests="100" failures="0" name="StepDefinition.TestRunner" time="0.004" errors="0" skipped="0">
  <properties>
    <property name="java.runtime.name" value="Java(TM) SE Runtime Environment"/>
    <property name="sun.boot.library.path" value="C:\Program Files (x86)\Java\jre1.8.0_291\bin"/>
    <property name="java.vm.version" value="25.291-b10"/>
    <property name="java.vm.vendor" value="Oracle Corporation"/>
    <property name="maven.multiModuleProjectDirectory" value="C:\Users\sarth\eclipse-workspace\QuotableAPI"/>
    <property name="java.vendor.url" value="http://java.oracle.com/"/>
    <property name="path.separator" value=";"/>
    <property name="guice.disable.misplaced.annotation.check" value="true"/>
    <property name="java.vm.name" value="Java HotSpot(TM) Client VM"/>
    <property name="file.encoding.pkg" value="sun.io"/>
    <property name="user.script" value=""/>
    <property name="user.country" value="IN"/>
    <property name="sun.java.launcher" value="SUN_STANDARD"/>
    <property name="sun.os.patch.level" value=""/>
    <property name="java.vm.specification.name" value="Java Virtual Machine Specification"/>
    <property name="user.dir" value="C:\Users\sarth\eclipse-workspace\QuotableAPI"/>
    <property name="java.runtime.version" value="1.8.0_291-b10"/>
    <property name="java.awt.graphicsenv" value="sun.awt.Win32GraphicsEnvironment"/>
    <property name="java.endorsed.dirs" value="C:\Program Files (x86)\Java\jre1.8.0_291\lib\endorsed"/>
    <property name="os.arch" value="x86"/>
    <property name="java.io.tmpdir" value="C:\Users\sarth\AppData\Local\Temp\"/>
    <property name="line.separator" value="
"/>
    <property name="java.vm.specification.vendor" value="Oracle Corporation"/>
    <property name="user.variant" value=""/>
    <property name="os.name" value="Windows 10"/>
    <property name="classworlds.conf" value="C:\Program Files (x86)\apache-maven-3.8.1\bin\..\bin\m2.conf"/>
    <property name="sun.jnu.encoding" value="Cp1252"/>
    <property name="java.library.path" value="C:\Program Files (x86)\Java\jre1.8.0_291\bin;C:\Windows\Sun\Java\bin;C:\Windows\system32;C:\Windows;C:/Users/sarth/.p2/pool/plugins/org.eclipse.justj.openjdk.hotspot.jre.full.win32.x86_64_16.0.1.v20210528-1205/jre/bin/server;C:/Users/sarth/.p2/pool/plugins/org.eclipse.justj.openjdk.hotspot.jre.full.win32.x86_64_16.0.1.v20210528-1205/jre/bin;C:\Windows\system32;C:\Windows;C:\Windows\System32\Wbem;C:\Windows\System32\WindowsPowerShell\v1.0\;C:\Windows\System32\OpenSSH\;C:\Program Files (x86)\NVIDIA Corporation\PhysX\Common;C:\Program Files\NVIDIA Corporation\NVIDIA NvDLISR;E:\Git\cmd;C:\Users\sarth\AppData\Local\Microsoft\WindowsApps;E:\pycharm\PyCharm Community Edition 2021.1.2\bin;;C:\Program Files (x86)\apache-maven-3.8.1\bin;C:\Program Files (x86)\Java\jre1.8.0_291\bin;C:\Windows\system32;;."/>
    <property name="maven.conf" value="C:\Program Files (x86)\apache-maven-3.8.1\bin\../conf"/>
    <property name="java.specification.name" value="Java Platform API Specification"/>
    <property name="java.class.version" value="52.0"/>
    <property name="sun.management.compiler" value="HotSpot Client Compiler"/>
    <property name="os.version" value="10.0"/>
    <property name="library.jansi.path" value="C:\Program Files (x86)\apache-maven-3.8.1\bin\..\lib\jansi-native"/>
    <property name="user.home" value="C:\Users\sarth"/>
    <property name="user.timezone" value="Asia/Calcutta"/>
    <property name="java.awt.printerjob" value="sun.awt.windows.WPrinterJob"/>
    <property name="java.specification.version" value="1.8"/>
    <property name="file.encoding" value="Cp1252"/>
    <property name="user.name" value="sarth"/>
    <property name="java.class.path" value="C:\Program Files (x86)\apache-maven-3.8.1\bin\..\boot\plexus-classworlds-2.6.0.jar"/>
    <property name="java.vm.specification.version" value="1.8"/>
    <property name="sun.arch.data.model" value="32"/>
    <property name="java.home" value="C:\Program Files (x86)\Java\jre1.8.0_291"/>
    <property name="sun.java.command" value="org.codehaus.plexus.classworlds.launcher.Launcher verify"/>
    <property name="java.specification.vendor" value="Oracle Corporation"/>
    <property name="user.language" value="en"/>
    <property name="awt.toolkit" value="sun.awt.windows.WToolkit"/>
    <property name="java.vm.info" value="mixed mode"/>
    <property name="java.version" value="1.8.0_291"/>
    <property name="java.ext.dirs" value="C:\Program Files (x86)\Java\jre1.8.0_291\lib\ext;C:\Windows\Sun\Java\lib\ext"/>
    <property name="sun.boot.class.path" value="C:\Program Files (x86)\Java\jre1.8.0_291\lib\resources.jar;C:\Program Files (x86)\Java\jre1.8.0_291\lib\rt.jar;C:\Program Files (x86)\Java\jre1.8.0_291\lib\sunrsasign.jar;C:\Program Files (x86)\Java\jre1.8.0_291\lib\jsse.jar;C:\Program Files (x86)\Java\jre1.8.0_291\lib\jce.jar;C:\Program Files (x86)\Java\jre1.8.0_291\lib\charsets.jar;C:\Program Files (x86)\Java\jre1.8.0_291\lib\jfr.jar;C:\Program Files (x86)\Java\jre1.8.0_291\classes"/>
    <property name="sun.stderr.encoding" value="cp437"/>
    <property name="java.vendor" value="Oracle Corporation"/>
    <property name="maven.home" value="C:\Program Files (x86)\apache-maven-3.8.1\bin\.."/>
    <property name="file.separator" value="\"/>
    <property name="java.vendor.url.bug" value="http://bugreport.sun.com/bugreport/"/>
    <property name="sun.cpu.endian" value="little"/>
    <property name="sun.io.unicode.encoding" value="UnicodeLittle"/>
    <property name="sun.stdout.encoding" value="cp437"/>
    <property name="sun.desktop" value="windows"/>
    <property name="sun.cpu.isalist" value="pentium_pro+mmx pentium_pro pentium+mmx pentium i486 i386 i86"/>
  </properties>
  <testcase classname="| postive case with value 1 | pages | 1 |" name="Given I add the url" time="0.001"/>
  <testcase classname="| postive case with value 1 | pages | 1 |" name="And I add parameter &quot;pages&quot; with &quot;1&quot;" time="0"/>
  <testcase classname="| postive case with value 1 | pages | 1 |" name="And I execute the API" time="0"/>
  <testcase classname="| postive case with value 1 | pages | 1 |" name="Then I validate &quot;Resultcode&quot; with &quot;200&quot;" time="0"/>
  <testcase classname="| postive case with value 1 | pages | 1 |" name="| postive case with value 1 | pages | 1 |" time="0"/>
  <testcase classname="| negative case with value 20000 | pages | 20000 |" name="Given I add the url" time="0"/>
  <testcase classname="| negative case with value 20000 | pages | 20000 |" name="And I add parameter &quot;pages&quot; with &quot;20000&quot;" time="0"/>
  <testcase classname="| negative case with value 20000 | pages | 20000 |" name="And I execute the API" time="0"/>
  <testcase classname="| negative case with value 20000 | pages | 20000 |" name="Then I validate &quot;Resultcode&quot; with &quot;200&quot;" time="0"/>
  <testcase classname="| negative case with value 20000 | pages | 20000 |" name="| negative case with value 20000 | pages | 20000 |" time="0"/>
  <testcase classname="| negative case with value !@ | pages | !@ |" name="Given I add the url" time="0"/>
  <testcase classname="| negative case with value !@ | pages | !@ |" name="And I add parameter &quot;pages&quot; with &quot;!@&quot;" time="0"/>
  <testcase classname="| negative case with value !@ | pages | !@ |" name="And I execute the API" time="0"/>
  <testcase classname="| negative case with value !@ | pages | !@ |" name="Then I validate &quot;Resultcode&quot; with &quot;200&quot;" time="0"/>
  <testcase classname="| negative case with value !@ | pages | !@ |" name="| negative case with value !@ | pages | !@ |" time="0"/>
  <testcase classname="| negative case with value 2abc | pages | 2abc |" name="Given I add the url" time="0"/>
  <testcase classname="| negative case with value 2abc | pages | 2abc |" name="And I add parameter &quot;pages&quot; with &quot;2abc&quot;" time="0"/>
  <testcase classname="| negative case with value 2abc | pages | 2abc |" name="And I execute the API" time="0"/>
  <testcase classname="| negative case with value 2abc | pages | 2abc |" name="Then I validate &quot;Resultcode&quot; with &quot;200&quot;" time="0"/>
  <testcase classname="| negative case with value 2abc | pages | 2abc |" name="| negative case with value 2abc | pages | 2abc |" time="0"/>
  <testcase classname="| negative case with value xyz | pages | xyz |" name="Given I add the url" time="0"/>
  <testcase classname="| negative case with value xyz | pages | xyz |" name="And I add parameter &quot;pages&quot; with &quot;xyz&quot;" time="0"/>
  <testcase classname="| negative case with value xyz | pages | xyz |" name="And I execute the API" time="0"/>
  <testcase classname="| negative case with value xyz | pages | xyz |" name="Then I validate &quot;Resultcode&quot; with &quot;200&quot;" time="0"/>
  <testcase classname="| negative case with value xyz | pages | xyz |" name="| negative case with value xyz | pages | xyz |" time="0"/>
  <testcase classname="| negative case with value -10 | pages | -10 |" name="Given I add the url" time="0"/>
  <testcase classname="| negative case with value -10 | pages | -10 |" name="And I add parameter &quot;pages&quot; with &quot;-10&quot;" time="0"/>
  <testcase classname="| negative case with value -10 | pages | -10 |" name="And I execute the API" time="0"/>
  <testcase classname="| negative case with value -10 | pages | -10 |" name="Then I validate &quot;Resultcode&quot; with &quot;200&quot;" time="0"/>
  <testcase classname="| negative case with value -10 | pages | -10 |" name="| negative case with value -10 | pages | -10 |" time="0"/>
  <testcase classname="| postive case with value love-happiness | tags | love%7Chappiness |" name="Given I add the url" time="0"/>
  <testcase classname="| postive case with value love-happiness | tags | love%7Chappiness |" name="And I add parameter &quot;tags&quot; with &quot;love%7Chappiness&quot;" time="0"/>
  <testcase classname="| postive case with value love-happiness | tags | love%7Chappiness |" name="And I execute the API" time="0"/>
  <testcase classname="| postive case with value love-happiness | tags | love%7Chappiness |" name="Then I validate &quot;Resultcode&quot; with &quot;200&quot;" time="0"/>
  <testcase classname="| postive case with value love-happiness | tags | love%7Chappiness |" name="| postive case with value love-happiness | tags | love%7Chappiness |" time="0"/>
  <testcase classname="| postive case with value technology,famous-quotes | tags | technology,famous-quotes |" name="Given I add the url" time="0"/>
  <testcase classname="| postive case with value technology,famous-quotes | tags | technology,famous-quotes |" name="And I add parameter &quot;tags&quot; with &quot;technology,famous-quotes&quot;" time="0"/>
  <testcase classname="| postive case with value technology,famous-quotes | tags | technology,famous-quotes |" name="And I execute the API" time="0"/>
  <testcase classname="| postive case with value technology,famous-quotes | tags | technology,famous-quotes |" name="Then I validate &quot;Resultcode&quot; with &quot;200&quot;" time="0"/>
  <testcase classname="| postive case with value technology,famous-quotes | tags | technology,famous-quotes |" name="| postive case with value technology,famous-quotes | tags | technology,famous-quotes |" time="0"/>
  <testcase classname="| negative case with value 20000 | tags | 20000 |" name="Given I add the url" time="0"/>
  <testcase classname="| negative case with value 20000 | tags | 20000 |" name="And I add parameter &quot;tags&quot; with &quot;20000&quot;" time="0"/>
  <testcase classname="| negative case with value 20000 | tags | 20000 |" name="And I execute the API" time="0"/>
  <testcase classname="| negative case with value 20000 | tags | 20000 |" name="Then I validate &quot;Resultcode&quot; with &quot;200&quot;" time="0"/>
  <testcase classname="| negative case with value 20000 | tags | 20000 |" name="| negative case with value 20000 | tags | 20000 |" time="0.001"/>
  <testcase classname="| negative case with value !@ | tags | !@ |" name="Given I add the url" time="0"/>
  <testcase classname="| negative case with value !@ | tags | !@ |" name="And I add parameter &quot;tags&quot; with &quot;!@&quot;" time="0"/>
  <testcase classname="| negative case with value !@ | tags | !@ |" name="And I execute the API" time="0"/>
  <testcase classname="| negative case with value !@ | tags | !@ |" name="Then I validate &quot;Resultcode&quot; with &quot;200&quot;" time="0"/>
  <testcase classname="| negative case with value !@ | tags | !@ |" name="| negative case with value !@ | tags | !@ |" time="0.001"/>
  <testcase classname="| negative case with value 2abc | tags | 2abc |" name="Given I add the url" time="0"/>
  <testcase classname="| negative case with value 2abc | tags | 2abc |" name="And I add parameter &quot;tags&quot; with &quot;2abc&quot;" time="0"/>
  <testcase classname="| negative case with value 2abc | tags | 2abc |" name="And I execute the API" time="0"/>
  <testcase classname="| negative case with value 2abc | tags | 2abc |" name="Then I validate &quot;Resultcode&quot; with &quot;200&quot;" time="0"/>
  <testcase classname="| negative case with value 2abc | tags | 2abc |" name="| negative case with value 2abc | tags | 2abc |" time="0"/>
  <testcase classname="| negative case with value xyz | tags | xyz |" name="Given I add the url" time="0"/>
  <testcase classname="| negative case with value xyz | tags | xyz |" name="And I add parameter &quot;tags&quot; with &quot;xyz&quot;" time="0"/>
  <testcase classname="| negative case with value xyz | tags | xyz |" name="And I execute the API" time="0"/>
  <testcase classname="| negative case with value xyz | tags | xyz |" name="Then I validate &quot;Resultcode&quot; with &quot;200&quot;" time="0"/>
  <testcase classname="| negative case with value xyz | tags | xyz |" name="| negative case with value xyz | tags | xyz |" time="0"/>
  <testcase classname="| negative case with value -10 | tags | -10 |" name="Given I add the url" time="0"/>
  <testcase classname="| negative case with value -10 | tags | -10 |" name="And I add parameter &quot;tags&quot; with &quot;-10&quot;" time="0"/>
  <testcase classname="| negative case with value -10 | tags | -10 |" name="And I execute the API" time="0"/>
  <testcase classname="| negative case with value -10 | tags | -10 |" name="Then I validate &quot;Resultcode&quot; with &quot;200&quot;" time="0"/>
  <testcase classname="| negative case with value -10 | tags | -10 |" name="| negative case with value -10 | tags | -10 |" time="0"/>
  <testcase classname="| postive case with value albert-einstein | author | albert-einstein |" name="Given I add the url" time="0"/>
  <testcase classname="| postive case with value albert-einstein | author | albert-einstein |" name="And I add parameter &quot;author&quot; with &quot;albert-einstein&quot;" time="0"/>
  <testcase classname="| postive case with value albert-einstein | author | albert-einstein |" name="And I execute the API" time="0"/>
  <testcase classname="| postive case with value albert-einstein | author | albert-einstein |" name="Then I validate &quot;Resultcode&quot; with &quot;200&quot;" time="0"/>
  <testcase classname="| postive case with value albert-einstein | author | albert-einstein |" name="| postive case with value albert-einstein | author | albert-einstein |" time="0"/>
  <testcase classname="| postive case with value asd@-eins232$3n | author | asd@-eins232$3n |" name="Given I add the url" time="0"/>
  <testcase classname="| postive case with value asd@-eins232$3n | author | asd@-eins232$3n |" name="And I add parameter &quot;author&quot; with &quot;asd@-eins232$3n&quot;" time="0"/>
  <testcase classname="| postive case with value asd@-eins232$3n | author | asd@-eins232$3n |" name="And I execute the API" time="0"/>
  <testcase classname="| postive case with value asd@-eins232$3n | author | asd@-eins232$3n |" name="Then I validate &quot;Resultcode&quot; with &quot;200&quot;" time="0"/>
  <testcase classname="| postive case with value asd@-eins232$3n | author | asd@-eins232$3n |" name="| postive case with value asd@-eins232$3n | author | asd@-eins232$3n |" time="0"/>
  <testcase classname="| negative case with value 20000 | author | 20000 |" name="Given I add the url" time="0"/>
  <testcase classname="| negative case with value 20000 | author | 20000 |" name="And I add parameter &quot;author&quot; with &quot;20000&quot;" time="0"/>
  <testcase classname="| negative case with value 20000 | author | 20000 |" name="And I execute the API" time="0.001"/>
  <testcase classname="| negative case with value 20000 | author | 20000 |" name="Then I validate &quot;Resultcode&quot; with &quot;200&quot;" time="0"/>
  <testcase classname="| negative case with value 20000 | author | 20000 |" name="| negative case with value 20000 | author | 20000 |" time="0"/>
  <testcase classname="| negative case with value !@ | author | !@ |" name="Given I add the url" time="0"/>
  <testcase classname="| negative case with value !@ | author | !@ |" name="And I add parameter &quot;author&quot; with &quot;!@&quot;" time="0"/>
  <testcase classname="| negative case with value !@ | author | !@ |" name="And I execute the API" time="0"/>
  <testcase classname="| negative case with value !@ | author | !@ |" name="Then I validate &quot;Resultcode&quot; with &quot;200&quot;" time="0"/>
  <testcase classname="| negative case with value !@ | author | !@ |" name="| negative case with value !@ | author | !@ |" time="0"/>
  <testcase classname="| negative case with value 2abc | author | 2abc |" name="Given I add the url" time="0"/>
  <testcase classname="| negative case with value 2abc | author | 2abc |" name="And I add parameter &quot;author&quot; with &quot;2abc&quot;" time="0"/>
  <testcase classname="| negative case with value 2abc | author | 2abc |" name="And I execute the API" time="0"/>
  <testcase classname="| negative case with value 2abc | author | 2abc |" name="Then I validate &quot;Resultcode&quot; with &quot;200&quot;" time="0"/>
  <testcase classname="| negative case with value 2abc | author | 2abc |" name="| negative case with value 2abc | author | 2abc |" time="0"/>
  <testcase classname="| negative case with value xyz | author | xyz |" name="Given I add the url" time="0"/>
  <testcase classname="| negative case with value xyz | author | xyz |" name="And I add parameter &quot;author&quot; with &quot;xyz&quot;" time="0"/>
  <testcase classname="| negative case with value xyz | author | xyz |" name="And I execute the API" time="0"/>
  <testcase classname="| negative case with value xyz | author | xyz |" name="Then I validate &quot;Resultcode&quot; with &quot;200&quot;" time="0"/>
  <testcase classname="| negative case with value xyz | author | xyz |" name="| negative case with value xyz | author | xyz |" time="0"/>
  <testcase classname="| negative case with value -10 | author | -10 |" name="Given I add the url" time="0"/>
  <testcase classname="| negative case with value -10 | author | -10 |" name="And I add parameter &quot;author&quot; with &quot;-10&quot;" time="0"/>
  <testcase classname="| negative case with value -10 | author | -10 |" name="And I execute the API" time="0"/>
  <testcase classname="| negative case with value -10 | author | -10 |" name="Then I validate &quot;Resultcode&quot; with &quot;200&quot;" time="0"/>
  <testcase classname="| negative case with value -10 | author | -10 |" name="| negative case with value -10 | author | -10 |" time="0"/>
</testsuite>